\BOOKMARK [1][-]{section.0.1}{\376\377\000P\000r\000e\000l\000i\000m\000i\000n\000a\000r\000y\000\040\000T\000h\000e\000o\000r\000e\000t\000i\000c\000a\000l\000\040\000B\000a\000s\000i\000s}{}% 1
\BOOKMARK [2][-]{subsection.0.1.1}{\376\377\000S\000i\000n\000g\000l\000e\000\040\000W\000i\000n\000g\000\040\000T\000h\000o\000u\000g\000h\000t\000\040\000E\000x\000p\000e\000r\000i\000m\000e\000n\000t}{section.0.1}% 2
\BOOKMARK [2][-]{subsection.0.1.2}{\376\377\000D\000o\000u\000b\000l\000e\000\040\000W\000i\000n\000g\000\040\000T\000h\000o\000u\000g\000h\000t\000\040\000E\000x\000p\000e\000r\000i\000m\000e\000n\000t}{section.0.1}% 3
\BOOKMARK [2][-]{subsection.0.1.3}{\376\377\000L\000o\000n\000g\000i\000t\000u\000d\000i\000n\000a\000l\000\040\000S\000t\000a\000t\000i\000c\000\040\000S\000t\000a\000b\000i\000l\000i\000t\000y}{section.0.1}% 4
\BOOKMARK [2][-]{subsection.0.1.4}{\376\377\000T\000r\000i\000m\000\040\000C\000o\000n\000d\000i\000t\000i\000o\000n\000s}{section.0.1}% 5
\BOOKMARK [1][-]{section.0.2}{\376\377\000A\000l\000g\000o\000r\000i\000t\000h\000m\000\040\000D\000e\000v\000e\000l\000o\000p\000m\000e\000n\000t}{}% 6
\BOOKMARK [2][-]{subsection.0.2.1}{\376\377\000P\000l\000a\000n\000n\000i\000n\000g}{section.0.2}% 7
\BOOKMARK [2][-]{subsection.0.2.2}{\376\377\000T\000r\000i\000m\000\137\000W\000i\000n\000g}{section.0.2}% 8
\BOOKMARK [2][-]{subsection.0.2.3}{\376\377\000G\000e\000n\000\137\000W\000i\000n\000g\000\137\000A\000V\000L\000.\000p\000y}{section.0.2}% 9
\BOOKMARK [2][-]{subsection.0.2.4}{\376\377\000G\000e\000n\000\137\000I\000n\000s\000t\000r}{section.0.2}% 10
\BOOKMARK [2][-]{subsection.0.2.5}{\376\377\000C\000l\000e\000a\000n\000\137\000D\000a\000t\000a}{section.0.2}% 11
\BOOKMARK [2][-]{subsection.0.2.6}{\376\377\000C\000o\000m\000p\000\137\000T\000r\000i\000m\000\137\000A\000n\000g\000l\000e\000.\000p\000y}{section.0.2}% 12
\BOOKMARK [2][-]{subsection.0.2.7}{\376\377\000P\000l\000o\000t\000\137\000W\000i\000n\000g\000\137\000P\000e\000r\000f\000o\000r\000m\000a\000n\000c\000e\000.\000p\000y}{section.0.2}% 13
\BOOKMARK [1][-]{section.0.3}{\376\377\000R\000e\000s\000u\000l\000t\000s}{}% 14
\BOOKMARK [1][-]{section.0.4}{\376\377\000T\000h\000e\000o\000r\000e\000t\000i\000c\000a\000l\000\040\000T\000a\000i\000l\000\040\000S\000i\000z\000i\000n\000g}{}% 15
\BOOKMARK [2][-]{subsection.0.4.1}{\376\377\000C\000e\000n\000t\000e\000r\000\040\000o\000f\000\040\000G\000r\000a\000v\000i\000t\000y}{section.0.4}% 16
\BOOKMARK [2][-]{subsection.0.4.2}{\376\377\000S\000t\000a\000t\000i\000c\000\040\000M\000a\000r\000g\000i\000n}{section.0.4}% 17
\BOOKMARK [2][-]{subsection.0.4.3}{\376\377\000L\000i\000f\000t\000\040\000C\000u\000r\000v\000e\000\040\000S\000l\000o\000p\000e\000s}{section.0.4}% 18
\BOOKMARK [2][-]{subsection.0.4.4}{\376\377\000T\000a\000i\000l\000\040\000D\000o\000w\000n\000f\000o\000r\000c\000e}{section.0.4}% 19
\BOOKMARK [2][-]{subsection.0.4.5}{\376\377\000S\000u\000b\000s\000t\000i\000t\000u\000t\000i\000o\000n\000s}{section.0.4}% 20
\BOOKMARK [1][-]{section.0.5}{\376\377\000T\000a\000i\000l\000\040\000S\000i\000z\000i\000n\000g\000\040\000A\000l\000g\000o\000r\000i\000t\000h\000m}{}% 21
\BOOKMARK [2][-]{subsection.0.5.1}{\376\377\000P\000l\000a\000n\000n\000i\000n\000g}{section.0.5}% 22
